2024-08-15 17:49:24 - Info : FE_model.__init__ finished in 0.0000 seconds
2024-08-15 17:49:24 - Info : fourier_control.__init__ finished in 0.0000 seconds
2024-08-15 17:49:25 - Info : fourier_control.ComputeBatchControlledVariables finished in 0.2892 seconds
2024-08-15 17:49:25 - Info : fourier_control.ComputeBatchControlledVariables finished in 0.1889 seconds
2024-08-15 17:49:25 - Info : first_fol.__init__ finished in 0.0000 seconds
2024-08-15 17:49:26 - Info : first_fol.Initialize finished in 0.4900 seconds
2024-08-15 17:50:00 - Info : first_fol.Train finished in 34.0875 seconds
2024-08-15 17:50:00 - Info : first_fol.Predict finished in 0.1668 seconds
2024-08-15 17:50:00 - Info : first_fe_solver.__init__ finished in 0.0000 seconds
2024-08-15 17:50:05 - Info : thermal_loss_2d.ComputeResidualsAndStiffness finished in 4.8027 seconds
2024-08-15 17:50:05 - Info : first_fe_solver.SingleSolve finished in 5.3504 seconds

############### FE solve took: 5.46875 s ###############

2024-08-15 17:50:24 - Info : first_fol.Predict finished in 0.0000 seconds
eval coeffs: [-0.21168764 -1.25738909 -0.18841169  0.66110139 -0.60757476  0.84221166
  0.97855472  0.26289805  0.22973023 -0.08797886]
predicted array: [1.         1.         1.         1.         1.         1.
 1.         1.         1.         1.         1.         1.
 1.         1.         1.         1.         1.         1.
 1.         1.         1.         1.         1.0000011  0.9999998
 0.9999989  0.99999946 0.9999998  1.0000005  1.0000006  1.0000008
 1.0000013  1.0000008  1.0000008  1.         0.9999988  0.99999946
 1.0000013  1.0000002  1.0000007  0.99999946 0.99999976 1.
 1.         0.9999998  0.9999865  0.99997854 1.0000141  0.999988
 1.0000273  0.9999986  0.9999913  0.99999475 0.99997634 1.0000091
 1.0000175  0.99998176 1.0000305  1.0000051  0.99999774 1.000014
 0.99996775 0.99999964 1.         1.         0.9999989  1.0000002
 0.9999968  0.999985   1.0000017  1.0000072  1.0000056  0.9999736
 1.0000231  1.0000023  1.0000054  0.99998116 1.0000137  0.9999907
 1.0000236  1.0000095  0.99998254 0.9999976  1.0000015  1.
 1.         0.99999887 1.000009   0.99999636 1.0000436  1.0000138
 0.9999847  1.0000051  1.0000232  0.99997795 1.0000236  0.99999505
 1.0000021  0.9999815  0.9999964  1.0000061  1.000001   1.0000085
 0.99998826 0.99999934 1.         1.         0.99999905 0.999998
 0.9999846  1.000006   1.0000094  0.99996394 0.9999868  1.0000101
 1.0000043  0.99998075 1.000006   0.9999966  0.99998283 1.0000179
 1.0000261  0.99999154 0.9999706  0.99999833 0.9999996  1.
 1.         0.9999986  1.0000254  0.99999994 1.0000033  1.0000124
 1.0000193  1.0000105  0.9999917  1.0000044  1.0000075  1.0000019
 1.0000043  0.9999683  1.0000045  1.0000199  0.9999876  1.0000058
 1.0000032  0.9999982  1.         1.         0.9999978  1.0000242
 1.0000167  1.000007   0.99994504 1.0000201  0.99999917 1.0000104
 1.0000021  0.9999966  1.0000156  0.99998474 0.9999863  0.99999964
 0.9999718  0.9999876  1.000028   1.0000254  0.9999976  1.
 1.         0.9999981  0.99999636 0.9999942  1.0000045  0.9999732
 0.9999928  1.0000432  0.9999999  0.99996936 1.0000207  1.000002
 0.9999514  1.0000355  1.0000416  1.0000085  1.000025   1.
 0.9999903  0.9999988  1.         1.         0.999999   1.0000125
 1.0000122  1.0000113  0.99999833 0.9999978  1.0000007  0.99999213
 0.9999841  1.0000031  1.0000242  1.0000186  0.9999815  0.999988
 1.0000042  0.99997324 1.0000285  0.99999505 0.99999964 1.
 1.         0.99999803 0.9999881  0.99999344 1.000005   0.99999714
 0.9999721  0.9999821  1.0000178  1.000005   1.0000416  0.9999789
 0.9999792  0.99998194 1.0000123  1.0000128  0.99997103 0.9999822
 0.9999889  0.9999989  1.         1.         0.9999984  1.0000172
 0.9999961  0.99998593 1.0000123  1.0000216  1.0000126  1.0000032
 0.9999868  1.0000088  1.0000099  0.9999795  1.0000021  1.0000122
 1.0000279  0.9999958  1.0000092  1.0000196  0.999999   1.
 1.         1.         1.0000037  0.99999046 0.99999124 1.0000309
 0.9999906  1.0000259  0.9999653  1.0000011  1.000001   0.99998784
 1.0000246  1.0000566  0.99996406 0.9999906  1.0000161  0.9999953
 1.0000052  0.99999654 1.         1.         1.0000006  0.9999803
 0.99999726 1.0000067  0.99997216 1.0000042  0.99999803 1.0000005
 0.99999565 1.0000167  0.99997425 1.000018   0.9999429  1.0000288
 0.9999895  1.0000241  1.0000268  1.0000265  0.99999756 1.
 1.         1.000001   0.99999404 1.0000061  0.9999828  0.99998677
 1.0000163  1.0000083  1.0000018  1.0000136  0.99999744 0.9999931
 1.0000486  1.0000007  0.99995816 1.0000252  1.0000111  1.0000045
 0.9999653  0.99999875 1.         1.         0.9999992  1.0000063
 1.0000015  0.99999946 1.0000181  1.0000082  0.99999976 0.9999901
 1.0000036  0.99999326 1.0000024  0.99999756 1.000001   1.0000117
 1.0000099  1.000028   0.9999763  0.9999701  1.0000012  1.
 1.         0.9999992  1.0000436  1.0000005  1.0000068  0.9999895
 1.0000011  0.99999    0.9999954  1.0000025  1.0000056  0.9999906
 1.0000045  0.99999046 0.99999523 1.0000013  0.99996364 0.999991
 1.0000045  1.0000004  1.         1.         0.99999946 1.00001
 0.99998116 1.0000224  0.99997735 1.0000273  0.999999   1.0000149
 1.0000112  1.0000132  0.9999949  1.0000035  1.0000144  1.0000091
 0.9999885  0.9999872  1.0000194  1.0000088  1.0000011  1.
 1.         0.9999991  0.9999949  0.99998057 0.99999046 0.99998873
 0.9999947  0.99999505 1.0000035  0.9999722  0.9999774  0.99999046
 0.9999867  0.9999982  0.99999595 1.0000176  1.0000316  0.99997026
 0.99999356 1.0000005  1.         1.         1.0000007  0.9999993
 1.0000006  1.0000004  0.9999997  1.0000006  1.0000011  1.0000023
 1.0000029  1.0000025  1.0000015  1.000002   1.0000015  0.9999998
 0.9999994  0.99999875 0.99999994 1.0000013  1.0000001  1.
 1.         1.         1.         1.         1.         1.
 1.         1.         1.         1.         1.         1.
 1.         1.         1.         1.         1.         1.
 1.         1.         1.        ]
2024-08-15 17:50:27 - Info : thermal_loss_2d.ComputeResidualsAndStiffness finished in 2.4733 seconds
2024-08-15 17:50:27 - Info : first_fe_solver.SingleSolve finished in 2.4987 seconds

############### FE solve took: 2.53125 s ###############

2024-08-15 17:50:45 - Info : first_fol.Predict finished in 0.0000 seconds
eval coeffs: [-1.25442673 -0.02093305  1.00548916 -2.36001151  0.29289509 -2.20724693
 -1.55918735  1.24731987  0.80809434 -0.42425669]
predicted array: [1.         1.         1.         1.         1.         1.
 1.         1.         1.         1.         1.         1.
 1.         1.         1.         1.         1.         1.
 1.         1.         1.         1.         1.0000011  0.9999998
 0.9999989  0.99999946 0.9999998  1.0000005  1.0000006  1.0000008
 1.0000013  1.0000008  1.0000008  1.         0.9999988  0.99999946
 1.0000013  1.0000002  1.0000007  0.99999946 0.99999976 1.
 1.         0.9999998  0.9999865  0.99997854 1.0000141  0.999988
 1.0000273  0.9999986  0.9999913  0.99999475 0.99997634 1.0000091
 1.0000175  0.99998176 1.0000305  1.0000051  0.99999774 1.000014
 0.99996775 0.99999964 1.         1.         0.9999989  1.0000002
 0.9999968  0.999985   1.0000017  1.0000072  1.0000056  0.9999736
 1.0000231  1.0000023  1.0000054  0.99998116 1.0000137  0.9999907
 1.0000236  1.0000095  0.99998254 0.9999976  1.0000015  1.
 1.         0.99999887 1.000009   0.99999636 1.0000436  1.0000138
 0.9999847  1.0000051  1.0000232  0.99997795 1.0000236  0.99999505
 1.0000021  0.9999815  0.9999964  1.0000061  1.000001   1.0000085
 0.99998826 0.99999934 1.         1.         0.99999905 0.999998
 0.9999846  1.000006   1.0000094  0.99996394 0.9999868  1.0000101
 1.0000043  0.99998075 1.000006   0.9999966  0.99998283 1.0000179
 1.0000261  0.99999154 0.9999706  0.99999833 0.9999996  1.
 1.         0.9999986  1.0000254  0.99999994 1.0000033  1.0000124
 1.0000193  1.0000105  0.9999917  1.0000044  1.0000075  1.0000019
 1.0000043  0.9999683  1.0000045  1.0000199  0.9999876  1.0000058
 1.0000032  0.9999982  1.         1.         0.9999978  1.0000242
 1.0000167  1.000007   0.99994504 1.0000201  0.99999917 1.0000104
 1.0000021  0.9999966  1.0000156  0.99998474 0.9999863  0.99999964
 0.9999718  0.9999876  1.000028   1.0000254  0.9999976  1.
 1.         0.9999981  0.99999636 0.9999942  1.0000045  0.9999732
 0.9999928  1.0000432  0.9999999  0.99996936 1.0000207  1.000002
 0.9999514  1.0000355  1.0000416  1.0000085  1.000025   1.
 0.9999903  0.9999988  1.         1.         0.999999   1.0000125
 1.0000122  1.0000113  0.99999833 0.9999978  1.0000007  0.99999213
 0.9999841  1.0000031  1.0000242  1.0000186  0.9999815  0.999988
 1.0000042  0.99997324 1.0000285  0.99999505 0.99999964 1.
 1.         0.99999803 0.9999881  0.99999344 1.000005   0.99999714
 0.9999721  0.9999821  1.0000178  1.000005   1.0000416  0.9999789
 0.9999792  0.99998194 1.0000123  1.0000128  0.99997103 0.9999822
 0.9999889  0.9999989  1.         1.         0.9999984  1.0000172
 0.9999961  0.99998593 1.0000123  1.0000216  1.0000126  1.0000032
 0.9999868  1.0000088  1.0000099  0.9999795  1.0000021  1.0000122
 1.0000279  0.9999958  1.0000092  1.0000196  0.999999   1.
 1.         1.         1.0000037  0.99999046 0.99999124 1.0000309
 0.9999906  1.0000259  0.9999653  1.0000011  1.000001   0.99998784
 1.0000246  1.0000566  0.99996406 0.9999906  1.0000161  0.9999953
 1.0000052  0.99999654 1.         1.         1.0000006  0.9999803
 0.99999726 1.0000067  0.99997216 1.0000042  0.99999803 1.0000005
 0.99999565 1.0000167  0.99997425 1.000018   0.9999429  1.0000288
 0.9999895  1.0000241  1.0000268  1.0000265  0.99999756 1.
 1.         1.000001   0.99999404 1.0000061  0.9999828  0.99998677
 1.0000163  1.0000083  1.0000018  1.0000136  0.99999744 0.9999931
 1.0000486  1.0000007  0.99995816 1.0000252  1.0000111  1.0000045
 0.9999653  0.99999875 1.         1.         0.9999992  1.0000063
 1.0000015  0.99999946 1.0000181  1.0000082  0.99999976 0.9999901
 1.0000036  0.99999326 1.0000024  0.99999756 1.000001   1.0000117
 1.0000099  1.000028   0.9999763  0.9999701  1.0000012  1.
 1.         0.9999992  1.0000436  1.0000005  1.0000068  0.9999895
 1.0000011  0.99999    0.9999954  1.0000025  1.0000056  0.9999906
 1.0000045  0.99999046 0.99999523 1.0000013  0.99996364 0.999991
 1.0000045  1.0000004  1.         1.         0.99999946 1.00001
 0.99998116 1.0000224  0.99997735 1.0000273  0.999999   1.0000149
 1.0000112  1.0000132  0.9999949  1.0000035  1.0000144  1.0000091
 0.9999885  0.9999872  1.0000194  1.0000088  1.0000011  1.
 1.         0.9999991  0.9999949  0.99998057 0.99999046 0.99998873
 0.9999947  0.99999505 1.0000035  0.9999722  0.9999774  0.99999046
 0.9999867  0.9999982  0.99999595 1.0000176  1.0000316  0.99997026
 0.99999356 1.0000005  1.         1.         1.0000007  0.9999993
 1.0000006  1.0000004  0.9999997  1.0000006  1.0000011  1.0000023
 1.0000029  1.0000025  1.0000015  1.000002   1.0000015  0.9999998
 0.9999994  0.99999875 0.99999994 1.0000013  1.0000001  1.
 1.         1.         1.         1.         1.         1.
 1.         1.         1.         1.         1.         1.
 1.         1.         1.         1.         1.         1.
 1.         1.         1.        ]
